Performing C SOURCE FILE Test CMAKE_HAVE_LIBC_PTHREAD failed with the following output:
Change Dir: /home/agh/Nextcloud/STUDENCI/c++2022/zaj1Fraction_dlaStudentow/zawawa/CMakeFiles/CMakeTmp

Run Build Command(s):/usr/bin/make -f Makefile cmTC_eff0d/fast && /usr/bin/make  -f CMakeFiles/cmTC_eff0d.dir/build.make CMakeFiles/cmTC_eff0d.dir/build
make[1]: Wejście do katalogu '/home/agh/Nextcloud/STUDENCI/c++2022/zaj1Fraction_dlaStudentow/zawawa/CMakeFiles/CMakeTmp'
Building C object CMakeFiles/cmTC_eff0d.dir/src.c.o
/usr/bin/cc -DCMAKE_HAVE_LIBC_PTHREAD   -o CMakeFiles/cmTC_eff0d.dir/src.c.o -c /home/agh/Nextcloud/STUDENCI/c++2022/zaj1Fraction_dlaStudentow/zawawa/CMakeFiles/CMakeTmp/src.c
Linking C executable cmTC_eff0d
/usr/bin/cmake -E cmake_link_script CMakeFiles/cmTC_eff0d.dir/link.txt --verbose=1
/usr/bin/cc -rdynamic CMakeFiles/cmTC_eff0d.dir/src.c.o -o cmTC_eff0d 
/usr/bin/ld: CMakeFiles/cmTC_eff0d.dir/src.c.o: in function `main':
src.c:(.text+0x3e): undefined reference to `pthread_create'
/usr/bin/ld: src.c:(.text+0x4a): undefined reference to `pthread_detach'
/usr/bin/ld: src.c:(.text+0x56): undefined reference to `pthread_cancel'
/usr/bin/ld: src.c:(.text+0x67): undefined reference to `pthread_join'
collect2: error: ld returned 1 exit status
make[1]: *** [CMakeFiles/cmTC_eff0d.dir/build.make:99: cmTC_eff0d] Błąd 1
make[1]: Opuszczenie katalogu '/home/agh/Nextcloud/STUDENCI/c++2022/zaj1Fraction_dlaStudentow/zawawa/CMakeFiles/CMakeTmp'
make: *** [Makefile:127: cmTC_eff0d/fast] Błąd 2


Source file was:
#include <pthread.h>

static void* test_func(void* data)
{
  return data;
}

int main(void)
{
  pthread_t thread;
  pthread_create(&thread, NULL, test_func, NULL);
  pthread_detach(thread);
  pthread_cancel(thread);
  pthread_join(thread, NULL);
  pthread_atfork(NULL, NULL, NULL);
  pthread_exit(NULL);

  return 0;
}

Determining if the function pthread_create exists in the pthreads failed with the following output:
Change Dir: /home/agh/Nextcloud/STUDENCI/c++2022/zaj1Fraction_dlaStudentow/zawawa/CMakeFiles/CMakeTmp

Run Build Command(s):/usr/bin/make -f Makefile cmTC_d4575/fast && /usr/bin/make  -f CMakeFiles/cmTC_d4575.dir/build.make CMakeFiles/cmTC_d4575.dir/build
make[1]: Wejście do katalogu '/home/agh/Nextcloud/STUDENCI/c++2022/zaj1Fraction_dlaStudentow/zawawa/CMakeFiles/CMakeTmp'
Building C object CMakeFiles/cmTC_d4575.dir/CheckFunctionExists.c.o
/usr/bin/cc   -DCHECK_FUNCTION_EXISTS=pthread_create -o CMakeFiles/cmTC_d4575.dir/CheckFunctionExists.c.o -c /usr/share/cmake/Modules/CheckFunctionExists.c
Linking C executable cmTC_d4575
/usr/bin/cmake -E cmake_link_script CMakeFiles/cmTC_d4575.dir/link.txt --verbose=1
/usr/bin/cc  -DCHECK_FUNCTION_EXISTS=pthread_create -rdynamic CMakeFiles/cmTC_d4575.dir/CheckFunctionExists.c.o -o cmTC_d4575  -lpthreads 
/usr/bin/ld: cannot find -lpthreads
collect2: error: ld returned 1 exit status
make[1]: *** [CMakeFiles/cmTC_d4575.dir/build.make:99: cmTC_d4575] Błąd 1
make[1]: Opuszczenie katalogu '/home/agh/Nextcloud/STUDENCI/c++2022/zaj1Fraction_dlaStudentow/zawawa/CMakeFiles/CMakeTmp'
make: *** [Makefile:127: cmTC_d4575/fast] Błąd 2



