Performing C SOURCE FILE Test CMAKE_HAVE_LIBC_PTHREAD failed with the following output:
Change Dir: /home/przemek/studia/sem4/cpp/build/CMakeFiles/CMakeTmp

Run Build Command(s):/usr/bin/make cmTC_d793a/fast && /usr/bin/make -f CMakeFiles/cmTC_d793a.dir/build.make CMakeFiles/cmTC_d793a.dir/build
make[1]: Entering directory '/home/przemek/studia/sem4/cpp/build/CMakeFiles/CMakeTmp'
Building C object CMakeFiles/cmTC_d793a.dir/src.c.o
/bin/x86_64-linux-gnu-gcc-9   -DCMAKE_HAVE_LIBC_PTHREAD   -o CMakeFiles/cmTC_d793a.dir/src.c.o   -c /home/przemek/studia/sem4/cpp/build/CMakeFiles/CMakeTmp/src.c
Linking C executable cmTC_d793a
/usr/bin/cmake -E cmake_link_script CMakeFiles/cmTC_d793a.dir/link.txt --verbose=1
/bin/x86_64-linux-gnu-gcc-9  -DCMAKE_HAVE_LIBC_PTHREAD    -rdynamic CMakeFiles/cmTC_d793a.dir/src.c.o  -o cmTC_d793a 
/usr/bin/ld: CMakeFiles/cmTC_d793a.dir/src.c.o: in function `main':
src.c:(.text+0x46): undefined reference to `pthread_create'
/usr/bin/ld: src.c:(.text+0x52): undefined reference to `pthread_detach'
/usr/bin/ld: src.c:(.text+0x63): undefined reference to `pthread_join'
collect2: error: ld returned 1 exit status
make[1]: *** [CMakeFiles/cmTC_d793a.dir/build.make:87: cmTC_d793a] Error 1
make[1]: Leaving directory '/home/przemek/studia/sem4/cpp/build/CMakeFiles/CMakeTmp'
make: *** [Makefile:121: cmTC_d793a/fast] Error 2


Source file was:
#include <pthread.h>

void* test_func(void* data)
{
  return data;
}

int main(void)
{
  pthread_t thread;
  pthread_create(&thread, NULL, test_func, NULL);
  pthread_detach(thread);
  pthread_join(thread, NULL);
  pthread_atfork(NULL, NULL, NULL);
  pthread_exit(NULL);

  return 0;
}

Determining if the function pthread_create exists in the pthreads failed with the following output:
Change Dir: /home/przemek/studia/sem4/cpp/build/CMakeFiles/CMakeTmp

Run Build Command(s):/usr/bin/make cmTC_c4d2f/fast && /usr/bin/make -f CMakeFiles/cmTC_c4d2f.dir/build.make CMakeFiles/cmTC_c4d2f.dir/build
make[1]: Entering directory '/home/przemek/studia/sem4/cpp/build/CMakeFiles/CMakeTmp'
Building C object CMakeFiles/cmTC_c4d2f.dir/CheckFunctionExists.c.o
/bin/x86_64-linux-gnu-gcc-9   -DCHECK_FUNCTION_EXISTS=pthread_create   -o CMakeFiles/cmTC_c4d2f.dir/CheckFunctionExists.c.o   -c /usr/share/cmake-3.16/Modules/CheckFunctionExists.c
Linking C executable cmTC_c4d2f
/usr/bin/cmake -E cmake_link_script CMakeFiles/cmTC_c4d2f.dir/link.txt --verbose=1
/bin/x86_64-linux-gnu-gcc-9  -DCHECK_FUNCTION_EXISTS=pthread_create    -rdynamic CMakeFiles/cmTC_c4d2f.dir/CheckFunctionExists.c.o  -o cmTC_c4d2f  -lpthreads 
/usr/bin/ld: cannot find -lpthreads
collect2: error: ld returned 1 exit status
make[1]: *** [CMakeFiles/cmTC_c4d2f.dir/build.make:87: cmTC_c4d2f] Error 1
make[1]: Leaving directory '/home/przemek/studia/sem4/cpp/build/CMakeFiles/CMakeTmp'
make: *** [Makefile:121: cmTC_c4d2f/fast] Error 2



